1734725263.214336 client started (64159): version 3.5a, socket /private/tmp/tmux-501/default, protocol 8
1734725263.214412 on Darwin 22.6.0 Darwin Kernel Version 22.6.0: Mon Jun 24 01:25:37 PDT 2024; root:xnu-8796.141.3.706.2~1/RELEASE_X86_64
1734725263.214445 using libevent 2.1.12-stable select
1734725263.215180 using utf8proc 2.9.0
1734725263.215219 using ncurses 6.5 20240427
1734725263.215273 flags are 0x10010000
1734725263.215292 socket is /private/tmp/tmux-501/default
1734725263.215314 trying connect
1734725263.215441 add peer 0x7fd55d831000: 6 (0x0)
1734725263.222004 sending message 111 to peer 0x7fd55d831000 (8 bytes)
1734725263.222053 sending message 111 to peer 0x7fd55d831000 (8 bytes)
1734725263.222073 sending message 101 to peer 0x7fd55d831000 (16 bytes)
1734725263.222090 sending message 109 to peer 0x7fd55d831000 (4 bytes)
1734725263.222107 sending message 102 to peer 0x7fd55d831000 (13 bytes)
1734725263.222124 sending message 108 to peer 0x7fd55d831000 (26 bytes)
1734725263.222140 sending message 112 to peer 0x7fd55d831000 (70 bytes)
1734725263.222157 sending message 112 to peer 0x7fd55d831000 (5 bytes)
1734725263.222174 sending message 112 to peer 0x7fd55d831000 (5 bytes)
1734725263.222190 sending message 112 to peer 0x7fd55d831000 (6 bytes)
1734725263.222206 sending message 112 to peer 0x7fd55d831000 (6 bytes)
1734725263.222222 sending message 112 to peer 0x7fd55d831000 (11 bytes)
1734725263.222238 sending message 112 to peer 0x7fd55d831000 (10 bytes)
1734725263.222255 sending message 112 to peer 0x7fd55d831000 (13 bytes)
1734725263.222270 sending message 112 to peer 0x7fd55d831000 (13 bytes)
1734725263.222287 sending message 112 to peer 0x7fd55d831000 (18 bytes)
1734725263.222303 sending message 112 to peer 0x7fd55d831000 (11 bytes)
1734725263.222334 sending message 112 to peer 0x7fd55d831000 (21 bytes)
1734725263.222352 sending message 112 to peer 0x7fd55d831000 (13 bytes)
1734725263.222368 sending message 112 to peer 0x7fd55d831000 (7 bytes)
1734725263.222383 sending message 112 to peer 0x7fd55d831000 (13 bytes)
1734725263.222398 sending message 112 to peer 0x7fd55d831000 (7 bytes)
1734725263.222415 sending message 112 to peer 0x7fd55d831000 (13 bytes)
1734725263.222431 sending message 112 to peer 0x7fd55d831000 (9 bytes)
1734725263.222447 sending message 112 to peer 0x7fd55d831000 (21 bytes)
1734725263.222463 sending message 112 to peer 0x7fd55d831000 (13 bytes)
1734725263.222480 sending message 112 to peer 0x7fd55d831000 (8 bytes)
1734725263.222496 sending message 112 to peer 0x7fd55d831000 (12 bytes)
1734725263.222513 sending message 112 to peer 0x7fd55d831000 (13 bytes)
1734725263.222528 sending message 112 to peer 0x7fd55d831000 (9 bytes)
1734725263.222545 sending message 112 to peer 0x7fd55d831000 (9 bytes)
1734725263.222561 sending message 112 to peer 0x7fd55d831000 (12 bytes)
1734725263.222577 sending message 112 to peer 0x7fd55d831000 (8 bytes)
1734725263.222594 sending message 112 to peer 0x7fd55d831000 (7 bytes)
1734725263.222611 sending message 112 to peer 0x7fd55d831000 (7 bytes)
1734725263.222628 sending message 112 to peer 0x7fd55d831000 (9 bytes)
1734725263.222644 sending message 112 to peer 0x7fd55d831000 (13 bytes)
1734725263.222661 sending message 112 to peer 0x7fd55d831000 (9 bytes)
1734725263.222679 sending message 112 to peer 0x7fd55d831000 (15 bytes)
1734725263.222696 sending message 112 to peer 0x7fd55d831000 (13 bytes)
1734725263.222713 sending message 112 to peer 0x7fd55d831000 (12 bytes)
1734725263.222730 sending message 112 to peer 0x7fd55d831000 (8 bytes)
1734725263.222747 sending message 112 to peer 0x7fd55d831000 (14 bytes)
1734725263.222763 sending message 112 to peer 0x7fd55d831000 (9 bytes)
1734725263.222780 sending message 112 to peer 0x7fd55d831000 (10 bytes)
1734725263.222796 sending message 112 to peer 0x7fd55d831000 (10 bytes)
1734725263.222813 sending message 112 to peer 0x7fd55d831000 (10 bytes)
1734725263.222830 sending message 112 to peer 0x7fd55d831000 (10 bytes)
1734725263.222847 sending message 112 to peer 0x7fd55d831000 (11 bytes)
1734725263.222863 sending message 112 to peer 0x7fd55d831000 (10 bytes)
1734725263.222913 sending message 112 to peer 0x7fd55d831000 (8 bytes)
1734725263.222927 sending message 112 to peer 0x7fd55d831000 (11 bytes)
1734725263.222938 sending message 112 to peer 0x7fd55d831000 (11 bytes)
1734725263.222950 sending message 112 to peer 0x7fd55d831000 (11 bytes)
1734725263.222961 sending message 112 to peer 0x7fd55d831000 (8 bytes)
1734725263.222972 sending message 112 to peer 0x7fd55d831000 (8 bytes)
1734725263.222982 sending message 112 to peer 0x7fd55d831000 (8 bytes)
1734725263.222993 sending message 112 to peer 0x7fd55d831000 (10 bytes)
1734725263.223004 sending message 112 to peer 0x7fd55d831000 (10 bytes)
1734725263.223015 sending message 112 to peer 0x7fd55d831000 (10 bytes)
1734725263.223026 sending message 112 to peer 0x7fd55d831000 (10 bytes)
1734725263.223036 sending message 112 to peer 0x7fd55d831000 (10 bytes)
1734725263.223047 sending message 112 to peer 0x7fd55d831000 (11 bytes)
1734725263.223058 sending message 112 to peer 0x7fd55d831000 (11 bytes)
1734725263.223069 sending message 112 to peer 0x7fd55d831000 (10 bytes)
1734725263.223081 sending message 112 to peer 0x7fd55d831000 (9 bytes)
1734725263.223092 sending message 112 to peer 0x7fd55d831000 (9 bytes)
1734725263.223104 sending message 112 to peer 0x7fd55d831000 (12 bytes)
1734725263.223115 sending message 112 to peer 0x7fd55d831000 (9 bytes)
1734725263.223126 sending message 112 to peer 0x7fd55d831000 (6 bytes)
1734725263.223137 sending message 112 to peer 0x7fd55d831000 (13 bytes)
1734725263.223148 sending message 112 to peer 0x7fd55d831000 (8 bytes)
1734725263.223159 sending message 112 to peer 0x7fd55d831000 (15 bytes)
1734725263.223170 sending message 112 to peer 0x7fd55d831000 (13 bytes)
1734725263.223181 sending message 112 to peer 0x7fd55d831000 (70 bytes)
1734725263.223192 sending message 112 to peer 0x7fd55d831000 (69 bytes)
1734725263.223203 sending message 112 to peer 0x7fd55d831000 (10 bytes)
1734725263.223214 sending message 112 to peer 0x7fd55d831000 (8 bytes)
1734725263.223226 sending message 112 to peer 0x7fd55d831000 (15 bytes)
1734725263.223237 sending message 112 to peer 0x7fd55d831000 (13 bytes)
1734725263.223248 sending message 112 to peer 0x7fd55d831000 (10 bytes)
1734725263.223260 sending message 112 to peer 0x7fd55d831000 (10 bytes)
1734725263.223271 sending message 112 to peer 0x7fd55d831000 (5 bytes)
1734725263.223282 sending message 112 to peer 0x7fd55d831000 (15 bytes)
1734725263.223295 sending message 104 to peer 0x7fd55d831000 (0 bytes)
1734725263.223309 sending message 110 to peer 0x7fd55d831000 (0 bytes)
1734725263.223320 sending message 107 to peer 0x7fd55d831000 (4 bytes)
1734725263.223331 sending message 105 to peer 0x7fd55d831000 (20 bytes)
1734725263.223343 sending message 105 to peer 0x7fd55d831000 (22 bytes)
1734725263.223354 sending message 105 to peer 0x7fd55d831000 (18 bytes)
1734725263.223365 sending message 105 to peer 0x7fd55d831000 (72 bytes)
1734725263.223375 sending message 105 to peer 0x7fd55d831000 (16 bytes)
1734725263.223386 sending message 105 to peer 0x7fd55d831000 (60 bytes)
1734725263.223397 sending message 105 to peer 0x7fd55d831000 (18 bytes)
1734725263.223408 sending message 105 to peer 0x7fd55d831000 (17 bytes)
1734725263.223419 sending message 105 to peer 0x7fd55d831000 (8 bytes)
1734725263.223430 sending message 105 to peer 0x7fd55d831000 (14 bytes)
1734725263.223440 sending message 105 to peer 0x7fd55d831000 (32 bytes)
1734725263.223451 sending message 105 to peer 0x7fd55d831000 (96 bytes)
1734725263.223463 sending message 105 to peer 0x7fd55d831000 (194 bytes)
1734725263.223475 sending message 105 to peer 0x7fd55d831000 (53 bytes)
1734725263.223486 sending message 105 to peer 0x7fd55d831000 (16 bytes)
1734725263.223498 sending message 105 to peer 0x7fd55d831000 (26 bytes)
1734725263.223509 sending message 105 to peer 0x7fd55d831000 (62 bytes)
1734725263.223521 sending message 105 to peer 0x7fd55d831000 (28 bytes)
1734725263.223531 sending message 105 to peer 0x7fd55d831000 (11 bytes)
1734725263.223543 sending message 105 to peer 0x7fd55d831000 (477 bytes)
1734725263.223579 sending message 105 to peer 0x7fd55d831000 (36 bytes)
1734725263.223592 sending message 105 to peer 0x7fd55d831000 (30 bytes)
1734725263.223604 sending message 105 to peer 0x7fd55d831000 (15 bytes)
1734725263.223616 sending message 105 to peer 0x7fd55d831000 (8 bytes)
1734725263.223628 sending message 105 to peer 0x7fd55d831000 (66 bytes)
1734725263.223640 sending message 105 to peer 0x7fd55d831000 (21 bytes)
1734725263.223658 sending message 105 to peer 0x7fd55d831000 (67 bytes)
1734725263.223670 sending message 105 to peer 0x7fd55d831000 (18 bytes)
1734725263.223682 sending message 105 to peer 0x7fd55d831000 (26 bytes)
1734725263.223693 sending message 105 to peer 0x7fd55d831000 (57 bytes)
1734725263.223704 sending message 105 to peer 0x7fd55d831000 (43 bytes)
1734725263.223715 sending message 105 to peer 0x7fd55d831000 (14 bytes)
1734725263.223726 sending message 105 to peer 0x7fd55d831000 (53 bytes)
1734725263.223737 sending message 105 to peer 0x7fd55d831000 (11 bytes)
1734725263.223749 sending message 105 to peer 0x7fd55d831000 (14 bytes)
1734725263.223760 sending message 105 to peer 0x7fd55d831000 (14 bytes)
1734725263.223771 sending message 105 to peer 0x7fd55d831000 (19 bytes)
1734725263.223783 sending message 105 to peer 0x7fd55d831000 (28 bytes)
1734725263.223795 sending message 105 to peer 0x7fd55d831000 (42 bytes)
1734725263.223806 sending message 105 to peer 0x7fd55d831000 (34 bytes)
1734725263.223817 sending message 105 to peer 0x7fd55d831000 (22 bytes)
1734725263.223828 sending message 106 to peer 0x7fd55d831000 (0 bytes)
1734725263.223928 sending message 200 to peer 0x7fd55d831000 (4 bytes)
1734725263.223947 client loop enter
1734725263.224512 peer 0x7fd55d831000 message 303
1734725263.224548 open write file 2 -
1734725263.224621 sending message 305 to peer 0x7fd55d831000 (8 bytes)
1734725263.224666 write check file 2
1734725263.224729 peer 0x7fd55d831000 message 304
1734725263.224747 write 58 to file 2
1734725263.224822 peer 0x7fd55d831000 message 203
1734725263.224849 file 2 58 bytes left
1734725263.224932 write check file 2
1734725263.224951 client loop exit
